<?xml version="1.0" encoding="UTF-8"?>
<testsuite name="com.yash.Millennium.MillenniumApplicationTests" time="0.007" tests="1" errors="1" skipped="0" failures="0">
  <properties>
    <property name="java.runtime.name" value="Java(TM) SE Runtime Environment"/>
    <property name="sun.boot.library.path" value="C:\Program Files\Java\jdk1.8.0_121\jre\bin"/>
    <property name="java.vm.version" value="25.121-b13"/>
    <property name="java.vm.vendor" value="Oracle Corporation"/>
    <property name="maven.multiModuleProjectDirectory" value="D:\WORKSPACE\BACKUP\GIT\Oreilly\Millennium"/>
    <property name="java.vendor.url" value="http://java.oracle.com/"/>
    <property name="path.separator" value=";"/>
    <property name="guice.disable.misplaced.annotation.check" value="true"/>
    <property name="java.vm.name" value="Java HotSpot(TM) 64-Bit Server VM"/>
    <property name="file.encoding.pkg" value="sun.io"/>
    <property name="user.script" value=""/>
    <property name="user.country" value="IN"/>
    <property name="sun.java.launcher" value="SUN_STANDARD"/>
    <property name="sun.os.patch.level" value="Service Pack 1"/>
    <property name="java.vm.specification.name" value="Java Virtual Machine Specification"/>
    <property name="user.dir" value="D:\WORKSPACE\BACKUP\GIT\Oreilly\Millennium"/>
    <property name="java.runtime.version" value="1.8.0_121-b13"/>
    <property name="java.awt.graphicsenv" value="sun.awt.Win32GraphicsEnvironment"/>
    <property name="java.endorsed.dirs" value="C:\Program Files\Java\jdk1.8.0_121\jre\lib\endorsed"/>
    <property name="os.arch" value="amd64"/>
    <property name="java.io.tmpdir" value="C:\Users\CHAUHA~1.PRA\AppData\Local\Temp\"/>
    <property name="line.separator" value="&#10;"/>
    <property name="java.vm.specification.vendor" value="Oracle Corporation"/>
    <property name="user.variant" value=""/>
    <property name="os.name" value="Windows 7"/>
    <property name="classworlds.conf" value="D:\WORKSPACE\SpringBoot_workspace\.metadata\.plugins\org.eclipse.m2e.launching\launches\m2conf1090093962104086972.tmp"/>
    <property name="sun.jnu.encoding" value="Cp1252"/>
    <property name="java.library.path" value="C:\Program Files\Java\jdk1.8.0_121\bin;C:\Windows\Sun\Java\bin;C:\Windows\system32;C:\Windows;C:/Program Files/Java/jre1.8.0_121/bin/server;C:/Program Files/Java/jre1.8.0_121/bin;C:/Program Files/Java/jre1.8.0_121/lib/amd64;C:\ProgramData\Oracle\Java\javapath;C:\Windows\system32;C:\Windows;C:\Windows\System32\Wbem;C:\Windows\System32\WindowsPowerShell\v1.0\;C:\Program Files\nodejs\;C:\Program Files\Microsoft VS Code\bin;D:\Setup\sts-bundle\sts-3.9.6.RELEASE;;."/>
    <property name="java.specification.name" value="Java Platform API Specification"/>
    <property name="java.class.version" value="52.0"/>
    <property name="sun.management.compiler" value="HotSpot 64-Bit Tiered Compilers"/>
    <property name="os.version" value="6.1"/>
    <property name="user.home" value="C:\Users\Chauhan.prashant"/>
    <property name="user.timezone" value="Asia/Calcutta"/>
    <property name="java.awt.printerjob" value="sun.awt.windows.WPrinterJob"/>
    <property name="java.specification.version" value="1.8"/>
    <property name="file.encoding" value="Cp1252"/>
    <property name="user.name" value="chauhan.prashant"/>
    <property name="java.class.path" value="D:\Setup\sts-bundle\sts-3.9.6.RELEASE\plugins\org.eclipse.m2e.maven.runtime_1.9.1.20180912-1600\jars\plexus-classworlds-2.5.2.jar"/>
    <property name="java.vm.specification.version" value="1.8"/>
    <property name="sun.arch.data.model" value="64"/>
    <property name="java.home" value="C:\Program Files\Java\jdk1.8.0_121\jre"/>
    <property name="sun.java.command" value="org.codehaus.plexus.classworlds.launcher.Launcher -B clean install"/>
    <property name="java.specification.vendor" value="Oracle Corporation"/>
    <property name="user.language" value="en"/>
    <property name="awt.toolkit" value="sun.awt.windows.WToolkit"/>
    <property name="java.vm.info" value="mixed mode"/>
    <property name="java.version" value="1.8.0_121"/>
    <property name="java.ext.dirs" value="C:\Program Files\Java\jdk1.8.0_121\jre\lib\ext;C:\Windows\Sun\Java\lib\ext"/>
    <property name="sun.boot.class.path" value="C:\Program Files\Java\jdk1.8.0_121\jre\lib\resources.jar;C:\Program Files\Java\jdk1.8.0_121\jre\lib\rt.jar;C:\Program Files\Java\jdk1.8.0_121\jre\lib\sunrsasign.jar;C:\Program Files\Java\jdk1.8.0_121\jre\lib\jsse.jar;C:\Program Files\Java\jdk1.8.0_121\jre\lib\jce.jar;C:\Program Files\Java\jdk1.8.0_121\jre\lib\charsets.jar;C:\Program Files\Java\jdk1.8.0_121\jre\lib\jfr.jar;C:\Program Files\Java\jdk1.8.0_121\jre\classes"/>
    <property name="java.vendor" value="Oracle Corporation"/>
    <property name="maven.home" value="D:\WORKSPACE\BACKUP\GIT\Oreilly\Millennium\EMBEDDED"/>
    <property name="file.separator" value="\"/>
    <property name="java.vendor.url.bug" value="http://bugreport.sun.com/bugreport/"/>
    <property name="sun.cpu.endian" value="little"/>
    <property name="sun.io.unicode.encoding" value="UnicodeLittle"/>
    <property name="sun.desktop" value="windows"/>
    <property name="sun.cpu.isalist" value="amd64"/>
  </properties>
  <testcase name="initializationError" classname="com.yash.Millennium.MillenniumApplicationTests" time="0.007">
    <error message="Unable to find a @SpringBootConfiguration, you need to use @ContextConfiguration or @SpringBootTest(classes=...) with your test" type="java.lang.IllegalStateException"><![CDATA[java.lang.IllegalStateException: Unable to find a @SpringBootConfiguration, you need to use @ContextConfiguration or @SpringBootTest(classes=...) with your test
	at org.springframework.util.Assert.state(Assert.java:392)
	at org.springframework.boot.test.context.SpringBootTestContextBootstrapper.getOrFindConfigurationClasses(SpringBootTestContextBootstrapper.java:173)
	at org.springframework.boot.test.context.SpringBootTestContextBootstrapper.processMergedContextConfiguration(SpringBootTestContextBootstrapper.java:133)
	at org.springframework.test.context.support.AbstractTestContextBootstrapper.buildMergedContextConfiguration(AbstractTestContextBootstrapper.java:409)
	at org.springframework.test.context.support.AbstractTestContextBootstrapper.buildDefaultMergedContextConfiguration(AbstractTestContextBootstrapper.java:323)
	at org.springframework.test.context.support.AbstractTestContextBootstrapper.buildMergedContextConfiguration(AbstractTestContextBootstrapper.java:277)
	at org.springframework.test.context.support.AbstractTestContextBootstrapper.buildTestContext(AbstractTestContextBootstrapper.java:112)
	at org.springframework.boot.test.context.SpringBootTestContextBootstrapper.buildTestContext(SpringBootTestContextBootstrapper.java:78)
	at org.springframework.test.context.TestContextManager.<init>(TestContextManager.java:120)
	at org.springframework.test.context.TestContextManager.<init>(TestContextManager.java:105)
	at org.springframework.test.context.junit4.SpringJUnit4ClassRunner.createTestContextManager(SpringJUnit4ClassRunner.java:152)
	at org.springframework.test.context.junit4.SpringJUnit4ClassRunner.<init>(SpringJUnit4ClassRunner.java:143)
	at org.springframework.test.context.junit4.SpringRunner.<init>(SpringRunner.java:49)
	at sun.reflect.NativeConstructorAccessorImpl.newInstance0(Native Method)
	at sun.reflect.NativeConstructorAccessorImpl.newInstance(NativeConstructorAccessorImpl.java:62)
	at sun.reflect.DelegatingConstructorAccessorImpl.newInstance(DelegatingConstructorAccessorImpl.java:45)
	at java.lang.reflect.Constructor.newInstance(Constructor.java:423)
	at org.junit.internal.builders.AnnotatedBuilder.buildRunner(AnnotatedBuilder.java:104)
	at org.junit.internal.builders.AnnotatedBuilder.runnerForClass(AnnotatedBuilder.java:86)
	at org.junit.runners.model.RunnerBuilder.safeRunnerForClass(RunnerBuilder.java:59)
	at org.junit.internal.builders.AllDefaultPossibilitiesBuilder.runnerForClass(AllDefaultPossibilitiesBuilder.java:26)
	at org.junit.runners.model.RunnerBuilder.safeRunnerForClass(RunnerBuilder.java:59)
	at org.junit.internal.requests.ClassRequest.getRunner(ClassRequest.java:33)
	at org.apache.maven.surefire.junit4.JUnit4Provider.execute(JUnit4Provider.java:283)
	at org.apache.maven.surefire.junit4.JUnit4Provider.executeWithRerun(JUnit4Provider.java:173)
	at org.apache.maven.surefire.junit4.JUnit4Provider.executeTestSet(JUnit4Provider.java:153)
	at org.apache.maven.surefire.junit4.JUnit4Provider.invoke(JUnit4Provider.java:128)
	at org.apache.maven.surefire.booter.ForkedBooter.invokeProviderInSameClassLoader(ForkedBooter.java:203)
	at org.apache.maven.surefire.booter.ForkedBooter.runSuitesInProcess(ForkedBooter.java:155)
	at org.apache.maven.surefire.booter.ForkedBooter.main(ForkedBooter.java:103)
]]></error>
    <system-out><![CDATA[11:56:00.714 [main] DEBUG org.springframework.test.context.junit4.SpringJUnit4ClassRunner - SpringJUnit4ClassRunner constructor called with [class com.yash.Millennium.MillenniumApplicationTests]
11:56:00.721 [main] DEBUG org.springframework.test.context.BootstrapUtils - Instantiating CacheAwareContextLoaderDelegate from class [org.springframework.test.context.cache.DefaultCacheAwareContextLoaderDelegate]
11:56:00.731 [main] DEBUG org.springframework.test.context.BootstrapUtils - Instantiating BootstrapContext using constructor [public org.springframework.test.context.support.DefaultBootstrapContext(java.lang.Class,org.springframework.test.context.CacheAwareContextLoaderDelegate)]
11:56:00.748 [main] DEBUG org.springframework.test.context.BootstrapUtils - Instantiating TestContextBootstrapper for test class [com.yash.Millennium.MillenniumApplicationTests] from class [org.springframework.boot.test.context.SpringBootTestContextBootstrapper]
11:56:00.762 [main] INFO org.springframework.boot.test.context.SpringBootTestContextBootstrapper - Neither @ContextConfiguration nor @ContextHierarchy found for test class [com.yash.Millennium.MillenniumApplicationTests], using SpringBootContextLoader
11:56:00.766 [main] DEBUG org.springframework.test.context.support.AbstractContextLoader - Did not detect default resource location for test class [com.yash.Millennium.MillenniumApplicationTests]: class path resource [com/yash/Millennium/MillenniumApplicationTests-context.xml] does not exist
11:56:00.767 [main] DEBUG org.springframework.test.context.support.AbstractContextLoader - Did not detect default resource location for test class [com.yash.Millennium.MillenniumApplicationTests]: class path resource [com/yash/Millennium/MillenniumApplicationTestsContext.groovy] does not exist
11:56:00.767 [main] INFO org.springframework.test.context.support.AbstractContextLoader - Could not detect default resource locations for test class [com.yash.Millennium.MillenniumApplicationTests]: no resource found for suffixes {-context.xml, Context.groovy}.
11:56:00.767 [main] INFO org.springframework.test.context.support.AnnotationConfigContextLoaderUtils - Could not detect default configuration classes for test class [com.yash.Millennium.MillenniumApplicationTests]: MillenniumApplicationTests does not declare any static, non-private, non-final, nested classes annotated with @Configuration.
11:56:00.818 [main] DEBUG org.springframework.test.context.support.ActiveProfilesUtils - Could not find an 'annotation declaring class' for annotation type [org.springframework.test.context.ActiveProfiles] and class [com.yash.Millennium.MillenniumApplicationTests]
11:56:00.827 [main] DEBUG org.springframework.core.env.StandardEnvironment - Adding [systemProperties] PropertySource with lowest search precedence
11:56:00.827 [main] DEBUG org.springframework.core.env.StandardEnvironment - Adding [systemEnvironment] PropertySource with lowest search precedence
11:56:00.827 [main] DEBUG org.springframework.core.env.StandardEnvironment - Initialized StandardEnvironment with PropertySources [systemProperties,systemEnvironment]
11:56:00.841 [main] DEBUG org.springframework.core.io.support.PathMatchingResourcePatternResolver - Resolved classpath location [com/yash/Millennium/] to resources [URL [file:/D:/WORKSPACE/BACKUP/GIT/Oreilly/Millennium/target/test-classes/com/yash/Millennium/], URL [file:/D:/WORKSPACE/BACKUP/GIT/Oreilly/Millennium/target/classes/com/yash/Millennium/]]
11:56:00.841 [main] DEBUG org.springframework.core.io.support.PathMatchingResourcePatternResolver - Looking for matching resources in directory tree [D:\WORKSPACE\BACKUP\GIT\Oreilly\Millennium\target\test-classes\com\yash\Millennium]
11:56:00.841 [main] DEBUG org.springframework.core.io.support.PathMatchingResourcePatternResolver - Searching directory [D:\WORKSPACE\BACKUP\GIT\Oreilly\Millennium\target\test-classes\com\yash\Millennium] for files matching pattern [D:/WORKSPACE/BACKUP/GIT/Oreilly/Millennium/target/test-classes/com/yash/Millennium/*.class]
11:56:00.846 [main] DEBUG org.springframework.core.io.support.PathMatchingResourcePatternResolver - Looking for matching resources in directory tree [D:\WORKSPACE\BACKUP\GIT\Oreilly\Millennium\target\classes\com\yash\Millennium]
11:56:00.846 [main] DEBUG org.springframework.core.io.support.PathMatchingResourcePatternResolver - Searching directory [D:\WORKSPACE\BACKUP\GIT\Oreilly\Millennium\target\classes\com\yash\Millennium] for files matching pattern [D:/WORKSPACE/BACKUP/GIT/Oreilly/Millennium/target/classes/com/yash/Millennium/*.class]
11:56:00.849 [main] DEBUG org.springframework.core.io.support.PathMatchingResourcePatternResolver - Resolved location pattern [classpath*:com/yash/Millennium/*.class] to resources [file [D:\WORKSPACE\BACKUP\GIT\Oreilly\Millennium\target\test-classes\com\yash\Millennium\MillenniumApplicationTests.class]]
11:56:00.866 [main] DEBUG org.springframework.core.io.support.PathMatchingResourcePatternResolver - Resolved classpath location [com/yash/] to resources [URL [file:/D:/WORKSPACE/BACKUP/GIT/Oreilly/Millennium/target/test-classes/com/yash/], URL [file:/D:/WORKSPACE/BACKUP/GIT/Oreilly/Millennium/target/classes/com/yash/]]
11:56:00.866 [main] DEBUG org.springframework.core.io.support.PathMatchingResourcePatternResolver - Looking for matching resources in directory tree [D:\WORKSPACE\BACKUP\GIT\Oreilly\Millennium\target\test-classes\com\yash]
11:56:00.866 [main] DEBUG org.springframework.core.io.support.PathMatchingResourcePatternResolver - Searching directory [D:\WORKSPACE\BACKUP\GIT\Oreilly\Millennium\target\test-classes\com\yash] for files matching pattern [D:/WORKSPACE/BACKUP/GIT/Oreilly/Millennium/target/test-classes/com/yash/*.class]
11:56:00.868 [main] DEBUG org.springframework.core.io.support.PathMatchingResourcePatternResolver - Looking for matching resources in directory tree [D:\WORKSPACE\BACKUP\GIT\Oreilly\Millennium\target\classes\com\yash]
11:56:00.868 [main] DEBUG org.springframework.core.io.support.PathMatchingResourcePatternResolver - Searching directory [D:\WORKSPACE\BACKUP\GIT\Oreilly\Millennium\target\classes\com\yash] for files matching pattern [D:/WORKSPACE/BACKUP/GIT/Oreilly/Millennium/target/classes/com/yash/*.class]
11:56:00.870 [main] DEBUG org.springframework.core.io.support.PathMatchingResourcePatternResolver - Resolved location pattern [classpath*:com/yash/*.class] to resources []
11:56:00.871 [main] DEBUG org.springframework.core.io.support.PathMatchingResourcePatternResolver - Resolved classpath location [com/] to resources [URL [file:/D:/WORKSPACE/BACKUP/GIT/Oreilly/Millennium/target/test-classes/com/], URL [file:/D:/WORKSPACE/BACKUP/GIT/Oreilly/Millennium/target/classes/com/], URL [jar:file:/C:/Users/Chauhan.prashant/.m2/repository/com/fasterxml/classmate/1.3.3/classmate-1.3.3.jar!/com/], URL [jar:file:/C:/Users/Chauhan.prashant/.m2/repository/com/fasterxml/jackson/core/jackson-databind/2.8.5/jackson-databind-2.8.5.jar!/com/], URL [jar:file:/C:/Users/Chauhan.prashant/.m2/repository/com/fasterxml/jackson/core/jackson-annotations/2.8.5/jackson-annotations-2.8.5.jar!/com/], URL [jar:file:/C:/Users/Chauhan.prashant/.m2/repository/com/fasterxml/jackson/core/jackson-core/2.8.5/jackson-core-2.8.5.jar!/com/], URL [jar:file:/C:/Users/Chauhan.prashant/.m2/repository/com/jayway/jsonpath/json-path/2.2.0/json-path-2.2.0.jar!/com/]]
11:56:00.871 [main] DEBUG org.springframework.core.io.support.PathMatchingResourcePatternResolver - Looking for matching resources in directory tree [D:\WORKSPACE\BACKUP\GIT\Oreilly\Millennium\target\test-classes\com]
11:56:00.871 [main] DEBUG org.springframework.core.io.support.PathMatchingResourcePatternResolver - Searching directory [D:\WORKSPACE\BACKUP\GIT\Oreilly\Millennium\target\test-classes\com] for files matching pattern [D:/WORKSPACE/BACKUP/GIT/Oreilly/Millennium/target/test-classes/com/*.class]
11:56:00.877 [main] DEBUG org.springframework.core.io.support.PathMatchingResourcePatternResolver - Looking for matching resources in directory tree [D:\WORKSPACE\BACKUP\GIT\Oreilly\Millennium\target\classes\com]
11:56:00.878 [main] DEBUG org.springframework.core.io.support.PathMatchingResourcePatternResolver - Searching directory [D:\WORKSPACE\BACKUP\GIT\Oreilly\Millennium\target\classes\com] for files matching pattern [D:/WORKSPACE/BACKUP/GIT/Oreilly/Millennium/target/classes/com/*.class]
11:56:00.880 [main] DEBUG org.springframework.core.io.support.PathMatchingResourcePatternResolver - Looking for matching resources in jar file [file:/C:/Users/Chauhan.prashant/.m2/repository/com/fasterxml/classmate/1.3.3/classmate-1.3.3.jar]
11:56:00.881 [main] DEBUG org.springframework.core.io.support.PathMatchingResourcePatternResolver - Looking for matching resources in jar file [file:/C:/Users/Chauhan.prashant/.m2/repository/com/fasterxml/jackson/core/jackson-databind/2.8.5/jackson-databind-2.8.5.jar]
11:56:00.890 [main] DEBUG org.springframework.core.io.support.PathMatchingResourcePatternResolver - Looking for matching resources in jar file [file:/C:/Users/Chauhan.prashant/.m2/repository/com/fasterxml/jackson/core/jackson-annotations/2.8.5/jackson-annotations-2.8.5.jar]
11:56:00.891 [main] DEBUG org.springframework.core.io.support.PathMatchingResourcePatternResolver - Looking for matching resources in jar file [file:/C:/Users/Chauhan.prashant/.m2/repository/com/fasterxml/jackson/core/jackson-core/2.8.5/jackson-core-2.8.5.jar]
11:56:00.894 [main] DEBUG org.springframework.core.io.support.PathMatchingResourcePatternResolver - Looking for matching resources in jar file [file:/C:/Users/Chauhan.prashant/.m2/repository/com/jayway/jsonpath/json-path/2.2.0/json-path-2.2.0.jar]
11:56:00.896 [main] DEBUG org.springframework.core.io.support.PathMatchingResourcePatternResolver - Resolved location pattern [classpath*:com/*.class] to resources []
11:56:00.900 [main] DEBUG org.springframework.test.context.junit4.SpringJUnit4ClassRunner - SpringJUnit4ClassRunner constructor called with [class com.yash.Millennium.MillenniumApplicationTests]
11:56:00.901 [main] DEBUG org.springframework.test.context.BootstrapUtils - Instantiating CacheAwareContextLoaderDelegate from class [org.springframework.test.context.cache.DefaultCacheAwareContextLoaderDelegate]
11:56:00.901 [main] DEBUG org.springframework.test.context.BootstrapUtils - Instantiating BootstrapContext using constructor [public org.springframework.test.context.support.DefaultBootstrapContext(java.lang.Class,org.springframework.test.context.CacheAwareContextLoaderDelegate)]
11:56:00.902 [main] DEBUG org.springframework.test.context.BootstrapUtils - Instantiating TestContextBootstrapper for test class [com.yash.Millennium.MillenniumApplicationTests] from class [org.springframework.boot.test.context.SpringBootTestContextBootstrapper]
11:56:00.902 [main] INFO org.springframework.boot.test.context.SpringBootTestContextBootstrapper - Neither @ContextConfiguration nor @ContextHierarchy found for test class [com.yash.Millennium.MillenniumApplicationTests], using SpringBootContextLoader
11:56:00.902 [main] DEBUG org.springframework.test.context.support.AbstractContextLoader - Did not detect default resource location for test class [com.yash.Millennium.MillenniumApplicationTests]: class path resource [com/yash/Millennium/MillenniumApplicationTests-context.xml] does not exist
11:56:00.903 [main] DEBUG org.springframework.test.context.support.AbstractContextLoader - Did not detect default resource location for test class [com.yash.Millennium.MillenniumApplicationTests]: class path resource [com/yash/Millennium/MillenniumApplicationTestsContext.groovy] does not exist
11:56:00.903 [main] INFO org.springframework.test.context.support.AbstractContextLoader - Could not detect default resource locations for test class [com.yash.Millennium.MillenniumApplicationTests]: no resource found for suffixes {-context.xml, Context.groovy}.
11:56:00.903 [main] INFO org.springframework.test.context.support.AnnotationConfigContextLoaderUtils - Could not detect default configuration classes for test class [com.yash.Millennium.MillenniumApplicationTests]: MillenniumApplicationTests does not declare any static, non-private, non-final, nested classes annotated with @Configuration.
11:56:00.909 [main] DEBUG org.springframework.test.context.support.ActiveProfilesUtils - Could not find an 'annotation declaring class' for annotation type [org.springframework.test.context.ActiveProfiles] and class [com.yash.Millennium.MillenniumApplicationTests]
11:56:00.910 [main] DEBUG org.springframework.core.env.StandardEnvironment - Adding [systemProperties] PropertySource with lowest search precedence
11:56:00.910 [main] DEBUG org.springframework.core.env.StandardEnvironment - Adding [systemEnvironment] PropertySource with lowest search precedence
11:56:00.910 [main] DEBUG org.springframework.core.env.StandardEnvironment - Initialized StandardEnvironment with PropertySources [systemProperties,systemEnvironment]
11:56:00.910 [main] DEBUG org.springframework.core.io.support.PathMatchingResourcePatternResolver - Resolved classpath location [com/yash/Millennium/] to resources [URL [file:/D:/WORKSPACE/BACKUP/GIT/Oreilly/Millennium/target/test-classes/com/yash/Millennium/], URL [file:/D:/WORKSPACE/BACKUP/GIT/Oreilly/Millennium/target/classes/com/yash/Millennium/]]
11:56:00.910 [main] DEBUG org.springframework.core.io.support.PathMatchingResourcePatternResolver - Looking for matching resources in directory tree [D:\WORKSPACE\BACKUP\GIT\Oreilly\Millennium\target\test-classes\com\yash\Millennium]
11:56:00.911 [main] DEBUG org.springframework.core.io.support.PathMatchingResourcePatternResolver - Searching directory [D:\WORKSPACE\BACKUP\GIT\Oreilly\Millennium\target\test-classes\com\yash\Millennium] for files matching pattern [D:/WORKSPACE/BACKUP/GIT/Oreilly/Millennium/target/test-classes/com/yash/Millennium/*.class]
11:56:00.912 [main] DEBUG org.springframework.core.io.support.PathMatchingResourcePatternResolver - Looking for matching resources in directory tree [D:\WORKSPACE\BACKUP\GIT\Oreilly\Millennium\target\classes\com\yash\Millennium]
11:56:00.912 [main] DEBUG org.springframework.core.io.support.PathMatchingResourcePatternResolver - Searching directory [D:\WORKSPACE\BACKUP\GIT\Oreilly\Millennium\target\classes\com\yash\Millennium] for files matching pattern [D:/WORKSPACE/BACKUP/GIT/Oreilly/Millennium/target/classes/com/yash/Millennium/*.class]
11:56:00.912 [main] DEBUG org.springframework.core.io.support.PathMatchingResourcePatternResolver - Resolved location pattern [classpath*:com/yash/Millennium/*.class] to resources [file [D:\WORKSPACE\BACKUP\GIT\Oreilly\Millennium\target\test-classes\com\yash\Millennium\MillenniumApplicationTests.class]]
11:56:00.913 [main] DEBUG org.springframework.core.io.support.PathMatchingResourcePatternResolver - Resolved classpath location [com/yash/] to resources [URL [file:/D:/WORKSPACE/BACKUP/GIT/Oreilly/Millennium/target/test-classes/com/yash/], URL [file:/D:/WORKSPACE/BACKUP/GIT/Oreilly/Millennium/target/classes/com/yash/]]
11:56:00.913 [main] DEBUG org.springframework.core.io.support.PathMatchingResourcePatternResolver - Looking for matching resources in directory tree [D:\WORKSPACE\BACKUP\GIT\Oreilly\Millennium\target\test-classes\com\yash]
11:56:00.913 [main] DEBUG org.springframework.core.io.support.PathMatchingResourcePatternResolver - Searching directory [D:\WORKSPACE\BACKUP\GIT\Oreilly\Millennium\target\test-classes\com\yash] for files matching pattern [D:/WORKSPACE/BACKUP/GIT/Oreilly/Millennium/target/test-classes/com/yash/*.class]
11:56:00.914 [main] DEBUG org.springframework.core.io.support.PathMatchingResourcePatternResolver - Looking for matching resources in directory tree [D:\WORKSPACE\BACKUP\GIT\Oreilly\Millennium\target\classes\com\yash]
11:56:00.914 [main] DEBUG org.springframework.core.io.support.PathMatchingResourcePatternResolver - Searching directory [D:\WORKSPACE\BACKUP\GIT\Oreilly\Millennium\target\classes\com\yash] for files matching pattern [D:/WORKSPACE/BACKUP/GIT/Oreilly/Millennium/target/classes/com/yash/*.class]
11:56:00.914 [main] DEBUG org.springframework.core.io.support.PathMatchingResourcePatternResolver - Resolved location pattern [classpath*:com/yash/*.class] to resources []
11:56:00.915 [main] DEBUG org.springframework.core.io.support.PathMatchingResourcePatternResolver - Resolved classpath location [com/] to resources [URL [file:/D:/WORKSPACE/BACKUP/GIT/Oreilly/Millennium/target/test-classes/com/], URL [file:/D:/WORKSPACE/BACKUP/GIT/Oreilly/Millennium/target/classes/com/], URL [jar:file:/C:/Users/Chauhan.prashant/.m2/repository/com/fasterxml/classmate/1.3.3/classmate-1.3.3.jar!/com/], URL [jar:file:/C:/Users/Chauhan.prashant/.m2/repository/com/fasterxml/jackson/core/jackson-databind/2.8.5/jackson-databind-2.8.5.jar!/com/], URL [jar:file:/C:/Users/Chauhan.prashant/.m2/repository/com/fasterxml/jackson/core/jackson-annotations/2.8.5/jackson-annotations-2.8.5.jar!/com/], URL [jar:file:/C:/Users/Chauhan.prashant/.m2/repository/com/fasterxml/jackson/core/jackson-core/2.8.5/jackson-core-2.8.5.jar!/com/], URL [jar:file:/C:/Users/Chauhan.prashant/.m2/repository/com/jayway/jsonpath/json-path/2.2.0/json-path-2.2.0.jar!/com/]]
11:56:00.915 [main] DEBUG org.springframework.core.io.support.PathMatchingResourcePatternResolver - Looking for matching resources in directory tree [D:\WORKSPACE\BACKUP\GIT\Oreilly\Millennium\target\test-classes\com]
11:56:00.915 [main] DEBUG org.springframework.core.io.support.PathMatchingResourcePatternResolver - Searching directory [D:\WORKSPACE\BACKUP\GIT\Oreilly\Millennium\target\test-classes\com] for files matching pattern [D:/WORKSPACE/BACKUP/GIT/Oreilly/Millennium/target/test-classes/com/*.class]
11:56:00.916 [main] DEBUG org.springframework.core.io.support.PathMatchingResourcePatternResolver - Looking for matching resources in directory tree [D:\WORKSPACE\BACKUP\GIT\Oreilly\Millennium\target\classes\com]
11:56:00.917 [main] DEBUG org.springframework.core.io.support.PathMatchingResourcePatternResolver - Searching directory [D:\WORKSPACE\BACKUP\GIT\Oreilly\Millennium\target\classes\com] for files matching pattern [D:/WORKSPACE/BACKUP/GIT/Oreilly/Millennium/target/classes/com/*.class]
11:56:00.918 [main] DEBUG org.springframework.core.io.support.PathMatchingResourcePatternResolver - Looking for matching resources in jar file [file:/C:/Users/Chauhan.prashant/.m2/repository/com/fasterxml/classmate/1.3.3/classmate-1.3.3.jar]
11:56:00.918 [main] DEBUG org.springframework.core.io.support.PathMatchingResourcePatternResolver - Looking for matching resources in jar file [file:/C:/Users/Chauhan.prashant/.m2/repository/com/fasterxml/jackson/core/jackson-databind/2.8.5/jackson-databind-2.8.5.jar]
11:56:00.923 [main] DEBUG org.springframework.core.io.support.PathMatchingResourcePatternResolver - Looking for matching resources in jar file [file:/C:/Users/Chauhan.prashant/.m2/repository/com/fasterxml/jackson/core/jackson-annotations/2.8.5/jackson-annotations-2.8.5.jar]
11:56:00.923 [main] DEBUG org.springframework.core.io.support.PathMatchingResourcePatternResolver - Looking for matching resources in jar file [file:/C:/Users/Chauhan.prashant/.m2/repository/com/fasterxml/jackson/core/jackson-core/2.8.5/jackson-core-2.8.5.jar]
11:56:00.925 [main] DEBUG org.springframework.core.io.support.PathMatchingResourcePatternResolver - Looking for matching resources in jar file [file:/C:/Users/Chauhan.prashant/.m2/repository/com/jayway/jsonpath/json-path/2.2.0/json-path-2.2.0.jar]
11:56:00.926 [main] DEBUG org.springframework.core.io.support.PathMatchingResourcePatternResolver - Resolved location pattern [classpath*:com/*.class] to resources []
]]></system-out>
  </testcase>
</testsuite>